<?xml version="1.0" encoding="UTF-8"?>
<testng-results ignored="0" total="1" passed="1" failed="0" skipped="0">
  <reporter-output>
  </reporter-output>
  <suite started-at="2025-02-12T00:38:35 IST" name="Default suite" finished-at="2025-02-12T00:38:40 IST" duration-ms="5140">
    <groups>
    </groups>
    <test started-at="2025-02-12T00:38:35 IST" name="Default test" finished-at="2025-02-12T00:38:40 IST" duration-ms="5140">
      <class name="com.RestfulBooker.Testlayer.LoginTest">
        <test-method is-config="true" signature="setup()[pri:0, instance:com.RestfulBooker.Testlayer.LoginTest@799f10e1]" started-at="2025-02-12T00:38:35 IST" name="setup" finished-at="2025-02-12T00:38:35 IST" duration-ms="145" status="PASS">
          <reporter-output>
          </reporter-output>
        </test-method> <!-- setup -->
        <test-method is-config="true" signature="Start()[pri:0, instance:com.RestfulBooker.Testlayer.LoginTest@799f10e1]" started-at="2025-02-12T00:38:35 IST" name="Start" finished-at="2025-02-12T00:38:40 IST" duration-ms="4945" status="PASS">
          <reporter-output>
          </reporter-output>
        </test-method> <!-- Start -->
        <test-method signature="logintest()[pri:0, instance:com.RestfulBooker.Testlayer.LoginTest@799f10e1]" started-at="2025-02-12T00:38:40 IST" name="logintest" finished-at="2025-02-12T00:38:40 IST" duration-ms="7" status="PASS">
          <reporter-output>
          </reporter-output>
        </test-method> <!-- logintest -->
        <test-method is-config="true" signature="Close()[pri:0, instance:com.RestfulBooker.Testlayer.LoginTest@799f10e1]" started-at="2025-02-12T00:38:40 IST" name="Close" finished-at="2025-02-12T00:38:40 IST" duration-ms="0" status="PASS">
          <reporter-output>
          </reporter-output>
        </test-method> <!-- Close -->
        <test-method is-config="true" signature="Tear()[pri:0, instance:com.RestfulBooker.Testlayer.LoginTest@799f10e1]" started-at="2025-02-12T00:38:40 IST" name="Tear" finished-at="2025-02-12T00:38:40 IST" duration-ms="1" status="PASS">
          <reporter-output>
          </reporter-output>
        </test-method> <!-- Tear -->
      </class> <!-- com.RestfulBooker.Testlayer.LoginTest -->
    </test> <!-- Default test -->
  </suite> <!-- Default suite -->
</testng-results>
